<component name="test:redis:pfouh:listener">

  <extension target="org.nuxeo.ecm.core.event.EventServiceComponent" point="listener">
    <listener async="true" postCommit="true" class="org.nuxeo.ecm.core.redis.TestRedisWorkSchedule$PfouhListener"
      name="pfouh">
      <event>pfouh</event>
    </listener>
  </extension>

</component>